<?xml version="1.0" encoding="UTF-8"?>
<testng-results ignored="0" total="3" passed="3" failed="0" skipped="0">
  <reporter-output>
  </reporter-output>
  <suite started-at="2021-10-30T07:00:47Z" name="All Test Suite" finished-at="2021-10-30T07:01:02Z" duration-ms="14770">
    <groups>
    </groups>
    <test started-at="2021-10-30T07:00:47Z" name="C:/SeleniumProject_Framework" finished-at="2021-10-30T07:01:02Z" duration-ms="14770">
      <class name="TestCases.LaunchURL">
        <test-method is-config="true" signature="Setup()[pri:0, instance:TestCases.LaunchURL@1f59a598]" started-at="2021-10-30T07:00:47Z" name="Setup" finished-at="2021-10-30T07:00:49Z" duration-ms="1614" status="PASS">
          <reporter-output>
          </reporter-output>
        </test-method> <!-- Setup -->
        <test-method signature="loginTest()[pri:1, instance:TestCases.LaunchURL@1f59a598]" started-at="2021-10-30T07:00:49Z" name="loginTest" finished-at="2021-10-30T07:00:54Z" duration-ms="4825" status="PASS">
          <reporter-output>
          </reporter-output>
        </test-method> <!-- loginTest -->
        <test-method is-config="true" signature="teardown()[pri:0, instance:TestCases.LaunchURL@1f59a598]" started-at="2021-10-30T07:00:54Z" name="teardown" finished-at="2021-10-30T07:00:54Z" duration-ms="133" status="PASS">
          <reporter-output>
          </reporter-output>
        </test-method> <!-- teardown -->
        <test-method is-config="true" signature="Setup()[pri:0, instance:TestCases.LaunchURL@1f59a598]" started-at="2021-10-30T07:00:54Z" name="Setup" finished-at="2021-10-30T07:00:55Z" duration-ms="936" status="PASS">
          <reporter-output>
          </reporter-output>
        </test-method> <!-- Setup -->
        <test-method signature="validLogin()[pri:2, instance:TestCases.LaunchURL@1f59a598]" started-at="2021-10-30T07:00:55Z" name="validLogin" finished-at="2021-10-30T07:00:58Z" duration-ms="3285" status="PASS">
          <reporter-output>
          </reporter-output>
        </test-method> <!-- validLogin -->
        <test-method is-config="true" signature="teardown()[pri:0, instance:TestCases.LaunchURL@1f59a598]" started-at="2021-10-30T07:00:58Z" name="teardown" finished-at="2021-10-30T07:00:58Z" duration-ms="95" status="PASS">
          <reporter-output>
          </reporter-output>
        </test-method> <!-- teardown -->
        <test-method is-config="true" signature="Setup()[pri:0, instance:TestCases.LaunchURL@1f59a598]" started-at="2021-10-30T07:00:58Z" name="Setup" finished-at="2021-10-30T07:00:59Z" duration-ms="920" status="PASS">
          <reporter-output>
          </reporter-output>
        </test-method> <!-- Setup -->
        <test-method signature="ResetLogin()[pri:3, instance:TestCases.LaunchURL@1f59a598]" started-at="2021-10-30T07:00:59Z" name="ResetLogin" finished-at="2021-10-30T07:01:02Z" duration-ms="2837" status="PASS">
          <reporter-output>
          </reporter-output>
        </test-method> <!-- ResetLogin -->
        <test-method is-config="true" signature="teardown()[pri:0, instance:TestCases.LaunchURL@1f59a598]" started-at="2021-10-30T07:01:02Z" name="teardown" finished-at="2021-10-30T07:01:02Z" duration-ms="109" status="PASS">
          <reporter-output>
          </reporter-output>
        </test-method> <!-- teardown -->
      </class> <!-- TestCases.LaunchURL -->
    </test> <!-- C:/SeleniumProject_Framework -->
  </suite> <!-- All Test Suite -->
</testng-results>
